# JRE version: Java(TM) SE Runtime Environment (11.0.5+10) (build 11.0.5+10-LTS)
# Java VM: Java HotSpot(TM) 64-Bit Server VM (11.0.5+10-LTS, mixed mode, tiered, compressed oops, g1 gc, windows-amd64)
Heap:
 garbage-first heap   total 209920K, used 24703K [0x0000000080400000, 0x0000000100000000)
  region size 1024K, 9 young (9216K), 9 survivors (9216K)
 Metaspace       used 57780K, capacity 59436K, committed 59600K, reserved 1101824K
  class space    used 7525K, capacity 8176K, committed 8224K, reserved 1048576K
GC Heap History (10 events):
Event: 1.138 GC heap after
{Heap after GC invocations=6 (full 0):
 garbage-first heap   total 131072K, used 10203K [0x0000000080400000, 0x0000000100000000)
  region size 1024K, 4 young (4096K), 4 survivors (4096K)
 Metaspace       used 24567K, capacity 25357K, committed 25596K, reserved 1071104K
  class space    used 3035K, capacity 3332K, committed 3404K, reserved 1048576K
}
Event: 1.297 GC heap before
{Heap before GC invocations=6 (full 0):
 garbage-first heap   total 131072K, used 69595K [0x0000000080400000, 0x0000000100000000)
  region size 1024K, 63 young (64512K), 4 survivors (4096K)
 Metaspace       used 27283K, capacity 28135K, committed 28284K, reserved 1073152K
  class space    used 3360K, capacity 3687K, committed 3788K, reserved 1048576K
}
Event: 1.303 GC heap after
{Heap after GC invocations=7 (full 0):
 garbage-first heap   total 157696K, used 11379K [0x0000000080400000, 0x0000000100000000)
  region size 1024K, 5 young (5120K), 5 survivors (5120K)
 Metaspace       used 27283K, capacity 28135K, committed 28284K, reserved 1073152K
  class space    used 3360K, capacity 3687K, committed 3788K, reserved 1048576K
}
Event: 1.996 GC heap before
{Heap before GC invocations=7 (full 0):
 garbage-first heap   total 157696K, used 86131K [0x0000000080400000, 0x0000000100000000)
  region size 1024K, 79 young (80896K), 5 survivors (5120K)
 Metaspace       used 34269K, capacity 35405K, committed 35708K, reserved 1081344K
  class space    used 4308K, capacity 4757K, committed 4812K, reserved 1048576K
}
Event: 2.004 GC heap after
{Heap after GC invocations=8 (full 0):
 garbage-first heap   total 157696K, used 15048K [0x0000000080400000, 0x0000000100000000)
  region size 1024K, 9 young (9216K), 9 survivors (9216K)
 Metaspace       used 34269K, capacity 35405K, committed 35708K, reserved 1081344K
  class space    used 4308K, capacity 4757K, committed 4812K, reserved 1048576K
}
Event: 2.103 GC heap before
{Heap before GC invocations=8 (full 0):
 garbage-first heap   total 157696K, used 49864K [0x0000000080400000, 0x0000000100000000)
  region size 1024K, 45 young (46080K), 9 survivors (9216K)
 Metaspace       used 34812K, capacity 35934K, committed 36048K, reserved 1081344K
  class space    used 4371K, capacity 4827K, committed 4896K, reserved 1048576K
}
Event: 2.116 GC heap after
{Heap after GC invocations=9 (full 0):
 garbage-first heap   total 157696K, used 15085K [0x0000000080400000, 0x0000000100000000)
  region size 1024K, 7 young (7168K), 7 survivors (7168K)
 Metaspace       used 34812K, capacity 35934K, committed 36048K, reserved 1081344K
  class space    used 4371K, capacity 4827K, committed 4896K, reserved 1048576K
}
Event: 2.984 GC heap before
{Heap before GC invocations=10 (full 0):
 garbage-first heap   total 157696K, used 102125K [0x0000000080400000, 0x0000000100000000)
  region size 1024K, 90 young (92160K), 7 survivors (7168K)
 Metaspace       used 50374K, capacity 51744K, committed 51792K, reserved 1093632K
  class space    used 6499K, capacity 7046K, committed 7072K, reserved 1048576K
}
Event: 2.993 GC heap after
{Heap after GC invocations=11 (full 0):
 garbage-first heap   total 157696K, used 20956K [0x0000000080400000, 0x0000000100000000)
  region size 1024K, 9 young (9216K), 9 survivors (9216K)
 Metaspace       used 50374K, capacity 51744K, committed 51792K, reserved 1093632K
  class space    used 6499K, capacity 7046K, committed 7072K, reserved 1048576K
}
Event: 1055.801 GC heap before
{Heap before GC invocations=11 (full 0):
 garbage-first heap   total 157696K, used 105948K [0x0000000080400000, 0x0000000100000000)
  region size 1024K, 92 young (94208K), 9 survivors (9216K)
 Metaspace       used 57780K, capacity 59436K, committed 59600K, reserved 1101824K
  class space    used 7525K, capacity 8176K, committed 8224K, reserved 1048576K
}

